<?xml version="1.0" encoding="UTF-8"?>
<!-- Generated by org.testng.reporters.JUnitReportReporter -->
<testsuite hostname="DESKTOP-C6V3GA0" failures="0" tests="1" name="Runner.OfferRunner" time="42.642" errors="0" timestamp="2021-10-13T10:43:13 IST" skipped="0">
  <testcase classname="Runner.OfferRunner" name="runScenario" time="42.642"/>
  <system-out/>
</testsuite> <!-- Runner.OfferRunner -->
