<?xml version="1.0" encoding="UTF-8"?>
<!-- Generated by org.testng.reporters.JUnitReportReporter -->
<testsuite hostname="DESKTOP-C6V3GA0" failures="0" tests="1" name="Runner.LoginRunner" time="11.528" errors="0" timestamp="2021-10-08T16:13:21 IST" skipped="0">
  <testcase classname="Runner.LoginRunner" name="runScenario" time="11.528"/>
  <system-out/>
</testsuite> <!-- Runner.LoginRunner -->
