<?xml version="1.0" encoding="UTF-8"?>
<!-- Generated by org.testng.reporters.JUnitReportReporter -->
<testsuite hostname="DESKTOP-C6V3GA0" failures="0" tests="3" name="Runner.DealRunner" time="48.951" errors="0" timestamp="2021-10-13T10:43:13 IST" skipped="0">
  <testcase classname="Runner.DealRunner" name="runScenario" time="17.668"/>
  <system-out/>
  <testcase classname="Runner.DealRunner" name="runScenario" time="16.236"/>
  <system-out/>
  <testcase classname="Runner.DealRunner" name="runScenario" time="15.047"/>
  <system-out/>
</testsuite> <!-- Runner.DealRunner -->
