<?xml version="1.0" encoding="UTF-8"?>
<!-- Generated by org.testng.reporters.JUnitReportReporter -->
<testsuite hostname="DESKTOP-C6V3GA0" failures="0" tests="5" name="Runner.LoginRunner" time="83.936" errors="0" timestamp="2021-10-13T11:50:48 IST" skipped="0">
  <testcase classname="Runner.LoginRunner" name="runScenario" time="18.859"/>
  <system-out/>
  <testcase classname="Runner.LoginRunner" name="runScenario" time="18.776"/>
  <system-out/>
  <testcase classname="Runner.LoginRunner" name="runScenario" time="16.735"/>
  <system-out/>
  <testcase classname="Runner.LoginRunner" name="runScenario" time="24.089"/>
  <system-out/>
  <testcase classname="Runner.LoginRunner" name="runScenario" time="5.477"/>
  <system-out/>
</testsuite> <!-- Runner.LoginRunner -->
