<?xml version="1.0" encoding="UTF-8"?>
<!-- Generated by org.testng.reporters.JUnitReportReporter -->
<testsuite hostname="DESKTOP-C6V3GA0" failures="0" tests="3" name="Runner.DealRunner" time="47.762" errors="0" timestamp="2021-10-13T11:20:09 IST" skipped="0">
  <testcase classname="Runner.DealRunner" name="runScenario" time="15.740"/>
  <system-out/>
  <testcase classname="Runner.DealRunner" name="runScenario" time="14.757"/>
  <system-out/>
  <testcase classname="Runner.DealRunner" name="runScenario" time="17.265"/>
  <system-out/>
</testsuite> <!-- Runner.DealRunner -->
