<?xml version="1.0" encoding="UTF-8"?>
<!-- Generated by org.testng.reporters.JUnitReportReporter -->
<testsuite hostname="DESKTOP-C6V3GA0" failures="0" tests="1" name="Runner.OfferRunner" time="26.435" errors="0" timestamp="2021-10-13T11:20:09 IST" skipped="0">
  <testcase classname="Runner.OfferRunner" name="runScenario" time="26.435"/>
  <system-out/>
</testsuite> <!-- Runner.OfferRunner -->
