<?xml version="1.0" encoding="UTF-8"?>
<!-- Generated by org.testng.reporters.JUnitReportReporter -->
<testsuite hostname="DESKTOP-C6V3GA0" failures="0" tests="1" name="Runner.LoginRunner" time="6.963" errors="0" timestamp="2021-10-13T11:20:09 IST" skipped="0">
  <testcase classname="Runner.LoginRunner" name="runScenario" time="6.963"/>
  <system-out/>
</testsuite> <!-- Runner.LoginRunner -->
