<?xml version="1.0" encoding="UTF-8"?>
<testsuite xmlns:xsi="http://www.w3.org/2001/XMLSchema-instance" xsi:noNamespaceSchemaLocation="https://maven.apache.org/surefire/maven-surefire-plugin/xsd/surefire-test-report-3.0.xsd" version="3.0" name="TestSuite" time="82.667" tests="5" errors="0" skipped="0" failures="0">
  <properties>
    <property name="java.specification.version" value="16"/>
    <property name="webdriver.chrome.driver" value="C:\Users\DELL\.cache\selenium\chromedriver\win32\94.0.4606.61\chromedriver.exe"/>
    <property name="sun.cpu.isalist" value="amd64"/>
    <property name="sun.jnu.encoding" value="Cp1252"/>
    <property name="java.class.path" value="E:\Capgemini\GitHUB\Sprint\Sprint2_cucumber2\target\test-classes;E:\Capgemini\GitHUB\Sprint\Sprint2_cucumber2\target\classes;C:\Users\DELL\.m2\repository\io\cucumber\cucumber-java\6.11.0\cucumber-java-6.11.0.jar;C:\Users\DELL\.m2\repository\io\cucumber\cucumber-core\6.11.0\cucumber-core-6.11.0.jar;C:\Users\DELL\.m2\repository\io\cucumber\cucumber-gherkin\6.11.0\cucumber-gherkin-6.11.0.jar;C:\Users\DELL\.m2\repository\io\cucumber\cucumber-gherkin-messages\6.11.0\cucumber-gherkin-messages-6.11.0.jar;C:\Users\DELL\.m2\repository\io\cucumber\messages\15.0.0\messages-15.0.0.jar;C:\Users\DELL\.m2\repository\io\cucumber\tag-expressions\3.0.1\tag-expressions-3.0.1.jar;C:\Users\DELL\.m2\repository\io\cucumber\cucumber-expressions\10.3.0\cucumber-expressions-10.3.0.jar;C:\Users\DELL\.m2\repository\io\cucumber\datatable\3.5.0\datatable-3.5.0.jar;C:\Users\DELL\.m2\repository\io\cucumber\cucumber-plugin\6.11.0\cucumber-plugin-6.11.0.jar;C:\Users\DELL\.m2\repository\io\cucumber\docstring\6.11.0\docstring-6.11.0.jar;C:\Users\DELL\.m2\repository\io\cucumber\html-formatter\13.0.0\html-formatter-13.0.0.jar;C:\Users\DELL\.m2\repository\io\cucumber\create-meta\4.0.0\create-meta-4.0.0.jar;C:\Users\DELL\.m2\repository\org\apiguardian\apiguardian-api\1.1.2\apiguardian-api-1.1.2.jar;C:\Users\DELL\.m2\repository\io\cucumber\cucumber-jvm-deps\1.0.6\cucumber-jvm-deps-1.0.6.jar;C:\Users\DELL\.m2\repository\io\cucumber\cucumber-testng\6.11.0\cucumber-testng-6.11.0.jar;C:\Users\DELL\.m2\repository\net\masterthought\cucumber-reporting\5.5.3\cucumber-reporting-5.5.3.jar;C:\Users\DELL\.m2\repository\com\fasterxml\jackson\core\jackson-databind\2.12.1\jackson-databind-2.12.1.jar;C:\Users\DELL\.m2\repository\com\fasterxml\jackson\core\jackson-annotations\2.12.1\jackson-annotations-2.12.1.jar;C:\Users\DELL\.m2\repository\com\fasterxml\jackson\core\jackson-core\2.12.1\jackson-core-2.12.1.jar;C:\Users\DELL\.m2\repository\com\fasterxml\jackson\datatype\jackson-datatype-jsr310\2.12.1\jackson-datatype-jsr310-2.12.1.jar;C:\Users\DELL\.m2\repository\org\apache\velocity\velocity-engine-core\2.2\velocity-engine-core-2.2.jar;C:\Users\DELL\.m2\repository\commons-collections\commons-collections\3.2.2\commons-collections-3.2.2.jar;C:\Users\DELL\.m2\repository\joda-time\joda-time\2.10.9\joda-time-2.10.9.jar;C:\Users\DELL\.m2\repository\org\apache\commons\commons-lang3\3.11\commons-lang3-3.11.jar;C:\Users\DELL\.m2\repository\commons-io\commons-io\2.6\commons-io-2.6.jar;C:\Users\DELL\.m2\repository\org\codehaus\plexus\plexus-utils\3.3.0\plexus-utils-3.3.0.jar;C:\Users\DELL\.m2\repository\org\jsoup\jsoup\1.13.1\jsoup-1.13.1.jar;C:\Users\DELL\.m2\repository\com\googlecode\owasp-java-html-sanitizer\owasp-java-html-sanitizer\20200713.1\owasp-java-html-sanitizer-20200713.1.jar;C:\Users\DELL\.m2\repository\commons-configuration\commons-configuration\1.10\commons-configuration-1.10.jar;C:\Users\DELL\.m2\repository\commons-lang\commons-lang\2.6\commons-lang-2.6.jar;C:\Users\DELL\.m2\repository\commons-logging\commons-logging\1.1.1\commons-logging-1.1.1.jar;C:\Users\DELL\.m2\repository\info\cukes\gherkin\2.12.2\gherkin-2.12.2.jar;C:\Users\DELL\.m2\repository\org\seleniumhq\selenium\selenium-java\3.141.59\selenium-java-3.141.59.jar;C:\Users\DELL\.m2\repository\org\seleniumhq\selenium\selenium-api\3.141.59\selenium-api-3.141.59.jar;C:\Users\DELL\.m2\repository\org\seleniumhq\selenium\selenium-chrome-driver\3.141.59\selenium-chrome-driver-3.141.59.jar;C:\Users\DELL\.m2\repository\org\seleniumhq\selenium\selenium-edge-driver\3.141.59\selenium-edge-driver-3.141.59.jar;C:\Users\DELL\.m2\repository\org\seleniumhq\selenium\selenium-firefox-driver\3.141.59\selenium-firefox-driver-3.141.59.jar;C:\Users\DELL\.m2\repository\org\seleniumhq\selenium\selenium-ie-driver\3.141.59\selenium-ie-driver-3.141.59.jar;C:\Users\DELL\.m2\repository\org\seleniumhq\selenium\selenium-opera-driver\3.141.59\selenium-opera-driver-3.141.59.jar;C:\Users\DELL\.m2\repository\org\seleniumhq\selenium\selenium-remote-driver\3.141.59\selenium-remote-driver-3.141.59.jar;C:\Users\DELL\.m2\repository\org\seleniumhq\selenium\selenium-safari-driver\3.141.59\selenium-safari-driver-3.141.59.jar;C:\Users\DELL\.m2\repository\org\seleniumhq\selenium\selenium-support\3.141.59\selenium-support-3.141.59.jar;C:\Users\DELL\.m2\repository\net\bytebuddy\byte-buddy\1.8.15\byte-buddy-1.8.15.jar;C:\Users\DELL\.m2\repository\org\apache\commons\commons-exec\1.3\commons-exec-1.3.jar;C:\Users\DELL\.m2\repository\com\google\guava\guava\25.0-jre\guava-25.0-jre.jar;C:\Users\DELL\.m2\repository\com\google\code\findbugs\jsr305\1.3.9\jsr305-1.3.9.jar;C:\Users\DELL\.m2\repository\org\checkerframework\checker-compat-qual\2.0.0\checker-compat-qual-2.0.0.jar;C:\Users\DELL\.m2\repository\com\google\errorprone\error_prone_annotations\2.1.3\error_prone_annotations-2.1.3.jar;C:\Users\DELL\.m2\repository\com\google\j2objc\j2objc-annotations\1.1\j2objc-annotations-1.1.jar;C:\Users\DELL\.m2\repository\org\codehaus\mojo\animal-sniffer-annotations\1.14\animal-sniffer-annotations-1.14.jar;C:\Users\DELL\.m2\repository\com\squareup\okhttp3\okhttp\3.11.0\okhttp-3.11.0.jar;C:\Users\DELL\.m2\repository\com\squareup\okio\okio\1.14.0\okio-1.14.0.jar;C:\Users\DELL\.m2\repository\org\testng\testng\7.4.0\testng-7.4.0.jar;C:\Users\DELL\.m2\repository\com\beust\jcommander\1.78\jcommander-1.78.jar;C:\Users\DELL\.m2\repository\org\webjars\jquery\3.5.1\jquery-3.5.1.jar;C:\Users\DELL\.m2\repository\io\github\bonigarcia\webdrivermanager\5.0.3\webdrivermanager-5.0.3.jar;C:\Users\DELL\.m2\repository\org\slf4j\slf4j-api\1.7.32\slf4j-api-1.7.32.jar;C:\Users\DELL\.m2\repository\com\google\code\gson\gson\2.8.8\gson-2.8.8.jar;C:\Users\DELL\.m2\repository\com\github\docker-java\docker-java\3.2.12\docker-java-3.2.12.jar;C:\Users\DELL\.m2\repository\com\github\docker-java\docker-java-core\3.2.12\docker-java-core-3.2.12.jar;C:\Users\DELL\.m2\repository\com\github\docker-java\docker-java-api\3.2.12\docker-java-api-3.2.12.jar;C:\Users\DELL\.m2\repository\org\apache\commons\commons-compress\1.21\commons-compress-1.21.jar;C:\Users\DELL\.m2\repository\org\bouncycastle\bcpkix-jdk15on\1.64\bcpkix-jdk15on-1.64.jar;C:\Users\DELL\.m2\repository\org\bouncycastle\bcprov-jdk15on\1.64\bcprov-jdk15on-1.64.jar;C:\Users\DELL\.m2\repository\org\slf4j\jcl-over-slf4j\1.7.30\jcl-over-slf4j-1.7.30.jar;C:\Users\DELL\.m2\repository\com\github\docker-java\docker-java-transport-httpclient5\3.2.12\docker-java-transport-httpclient5-3.2.12.jar;C:\Users\DELL\.m2\repository\com\github\docker-java\docker-java-transport\3.2.12\docker-java-transport-3.2.12.jar;C:\Users\DELL\.m2\repository\org\apache\httpcomponents\client5\httpclient5\5.0.3\httpclient5-5.0.3.jar;C:\Users\DELL\.m2\repository\org\apache\httpcomponents\core5\httpcore5\5.0.2\httpcore5-5.0.2.jar;C:\Users\DELL\.m2\repository\commons-codec\commons-codec\1.13\commons-codec-1.13.jar;C:\Users\DELL\.m2\repository\net\java\dev\jna\jna\5.8.0\jna-5.8.0.jar;C:\Users\DELL\.m2\repository\org\brotli\dec\0.1.2\dec-0.1.2.jar;"/>
    <property name="java.vm.vendor" value="Oracle Corporation"/>
    <property name="sun.arch.data.model" value="64"/>
    <property name="user.variant" value=""/>
    <property name="java.vendor.url" value="https://java.oracle.com/"/>
    <property name="user.timezone" value="Asia/Calcutta"/>
    <property name="os.name" value="Windows 10"/>
    <property name="java.vm.specification.version" value="16"/>
    <property name="sun.java.launcher" value="SUN_STANDARD"/>
    <property name="user.country" value="IN"/>
    <property name="sun.boot.library.path" value="C:\Users\DELL\.p2\pool\plugins\org.eclipse.justj.openjdk.hotspot.jre.full.win32.x86_64_16.0.2.v20210721-1149\jre\bin"/>
    <property name="sun.java.command" value="C:\Users\DELL\AppData\Local\Temp\surefire12516430783076570484\surefirebooter10381389886470362172.jar C:\Users\DELL\AppData\Local\Temp\surefire12516430783076570484 2021-10-13T11-18-44_617-jvmRun1 surefire2752465923017653622tmp surefire_015762937627773165263tmp"/>
    <property name="jdk.debug" value="release"/>
    <property name="surefire.test.class.path" value="E:\Capgemini\GitHUB\Sprint\Sprint2_cucumber2\target\test-classes;E:\Capgemini\GitHUB\Sprint\Sprint2_cucumber2\target\classes;C:\Users\DELL\.m2\repository\io\cucumber\cucumber-java\6.11.0\cucumber-java-6.11.0.jar;C:\Users\DELL\.m2\repository\io\cucumber\cucumber-core\6.11.0\cucumber-core-6.11.0.jar;C:\Users\DELL\.m2\repository\io\cucumber\cucumber-gherkin\6.11.0\cucumber-gherkin-6.11.0.jar;C:\Users\DELL\.m2\repository\io\cucumber\cucumber-gherkin-messages\6.11.0\cucumber-gherkin-messages-6.11.0.jar;C:\Users\DELL\.m2\repository\io\cucumber\messages\15.0.0\messages-15.0.0.jar;C:\Users\DELL\.m2\repository\io\cucumber\tag-expressions\3.0.1\tag-expressions-3.0.1.jar;C:\Users\DELL\.m2\repository\io\cucumber\cucumber-expressions\10.3.0\cucumber-expressions-10.3.0.jar;C:\Users\DELL\.m2\repository\io\cucumber\datatable\3.5.0\datatable-3.5.0.jar;C:\Users\DELL\.m2\repository\io\cucumber\cucumber-plugin\6.11.0\cucumber-plugin-6.11.0.jar;C:\Users\DELL\.m2\repository\io\cucumber\docstring\6.11.0\docstring-6.11.0.jar;C:\Users\DELL\.m2\repository\io\cucumber\html-formatter\13.0.0\html-formatter-13.0.0.jar;C:\Users\DELL\.m2\repository\io\cucumber\create-meta\4.0.0\create-meta-4.0.0.jar;C:\Users\DELL\.m2\repository\org\apiguardian\apiguardian-api\1.1.2\apiguardian-api-1.1.2.jar;C:\Users\DELL\.m2\repository\io\cucumber\cucumber-jvm-deps\1.0.6\cucumber-jvm-deps-1.0.6.jar;C:\Users\DELL\.m2\repository\io\cucumber\cucumber-testng\6.11.0\cucumber-testng-6.11.0.jar;C:\Users\DELL\.m2\repository\net\masterthought\cucumber-reporting\5.5.3\cucumber-reporting-5.5.3.jar;C:\Users\DELL\.m2\repository\com\fasterxml\jackson\core\jackson-databind\2.12.1\jackson-databind-2.12.1.jar;C:\Users\DELL\.m2\repository\com\fasterxml\jackson\core\jackson-annotations\2.12.1\jackson-annotations-2.12.1.jar;C:\Users\DELL\.m2\repository\com\fasterxml\jackson\core\jackson-core\2.12.1\jackson-core-2.12.1.jar;C:\Users\DELL\.m2\repository\com\fasterxml\jackson\datatype\jackson-datatype-jsr310\2.12.1\jackson-datatype-jsr310-2.12.1.jar;C:\Users\DELL\.m2\repository\org\apache\velocity\velocity-engine-core\2.2\velocity-engine-core-2.2.jar;C:\Users\DELL\.m2\repository\commons-collections\commons-collections\3.2.2\commons-collections-3.2.2.jar;C:\Users\DELL\.m2\repository\joda-time\joda-time\2.10.9\joda-time-2.10.9.jar;C:\Users\DELL\.m2\repository\org\apache\commons\commons-lang3\3.11\commons-lang3-3.11.jar;C:\Users\DELL\.m2\repository\commons-io\commons-io\2.6\commons-io-2.6.jar;C:\Users\DELL\.m2\repository\org\codehaus\plexus\plexus-utils\3.3.0\plexus-utils-3.3.0.jar;C:\Users\DELL\.m2\repository\org\jsoup\jsoup\1.13.1\jsoup-1.13.1.jar;C:\Users\DELL\.m2\repository\com\googlecode\owasp-java-html-sanitizer\owasp-java-html-sanitizer\20200713.1\owasp-java-html-sanitizer-20200713.1.jar;C:\Users\DELL\.m2\repository\commons-configuration\commons-configuration\1.10\commons-configuration-1.10.jar;C:\Users\DELL\.m2\repository\commons-lang\commons-lang\2.6\commons-lang-2.6.jar;C:\Users\DELL\.m2\repository\commons-logging\commons-logging\1.1.1\commons-logging-1.1.1.jar;C:\Users\DELL\.m2\repository\info\cukes\gherkin\2.12.2\gherkin-2.12.2.jar;C:\Users\DELL\.m2\repository\org\seleniumhq\selenium\selenium-java\3.141.59\selenium-java-3.141.59.jar;C:\Users\DELL\.m2\repository\org\seleniumhq\selenium\selenium-api\3.141.59\selenium-api-3.141.59.jar;C:\Users\DELL\.m2\repository\org\seleniumhq\selenium\selenium-chrome-driver\3.141.59\selenium-chrome-driver-3.141.59.jar;C:\Users\DELL\.m2\repository\org\seleniumhq\selenium\selenium-edge-driver\3.141.59\selenium-edge-driver-3.141.59.jar;C:\Users\DELL\.m2\repository\org\seleniumhq\selenium\selenium-firefox-driver\3.141.59\selenium-firefox-driver-3.141.59.jar;C:\Users\DELL\.m2\repository\org\seleniumhq\selenium\selenium-ie-driver\3.141.59\selenium-ie-driver-3.141.59.jar;C:\Users\DELL\.m2\repository\org\seleniumhq\selenium\selenium-opera-driver\3.141.59\selenium-opera-driver-3.141.59.jar;C:\Users\DELL\.m2\repository\org\seleniumhq\selenium\selenium-remote-driver\3.141.59\selenium-remote-driver-3.141.59.jar;C:\Users\DELL\.m2\repository\org\seleniumhq\selenium\selenium-safari-driver\3.141.59\selenium-safari-driver-3.141.59.jar;C:\Users\DELL\.m2\repository\org\seleniumhq\selenium\selenium-support\3.141.59\selenium-support-3.141.59.jar;C:\Users\DELL\.m2\repository\net\bytebuddy\byte-buddy\1.8.15\byte-buddy-1.8.15.jar;C:\Users\DELL\.m2\repository\org\apache\commons\commons-exec\1.3\commons-exec-1.3.jar;C:\Users\DELL\.m2\repository\com\google\guava\guava\25.0-jre\guava-25.0-jre.jar;C:\Users\DELL\.m2\repository\com\google\code\findbugs\jsr305\1.3.9\jsr305-1.3.9.jar;C:\Users\DELL\.m2\repository\org\checkerframework\checker-compat-qual\2.0.0\checker-compat-qual-2.0.0.jar;C:\Users\DELL\.m2\repository\com\google\errorprone\error_prone_annotations\2.1.3\error_prone_annotations-2.1.3.jar;C:\Users\DELL\.m2\repository\com\google\j2objc\j2objc-annotations\1.1\j2objc-annotations-1.1.jar;C:\Users\DELL\.m2\repository\org\codehaus\mojo\animal-sniffer-annotations\1.14\animal-sniffer-annotations-1.14.jar;C:\Users\DELL\.m2\repository\com\squareup\okhttp3\okhttp\3.11.0\okhttp-3.11.0.jar;C:\Users\DELL\.m2\repository\com\squareup\okio\okio\1.14.0\okio-1.14.0.jar;C:\Users\DELL\.m2\repository\org\testng\testng\7.4.0\testng-7.4.0.jar;C:\Users\DELL\.m2\repository\com\beust\jcommander\1.78\jcommander-1.78.jar;C:\Users\DELL\.m2\repository\org\webjars\jquery\3.5.1\jquery-3.5.1.jar;C:\Users\DELL\.m2\repository\io\github\bonigarcia\webdrivermanager\5.0.3\webdrivermanager-5.0.3.jar;C:\Users\DELL\.m2\repository\org\slf4j\slf4j-api\1.7.32\slf4j-api-1.7.32.jar;C:\Users\DELL\.m2\repository\com\google\code\gson\gson\2.8.8\gson-2.8.8.jar;C:\Users\DELL\.m2\repository\com\github\docker-java\docker-java\3.2.12\docker-java-3.2.12.jar;C:\Users\DELL\.m2\repository\com\github\docker-java\docker-java-core\3.2.12\docker-java-core-3.2.12.jar;C:\Users\DELL\.m2\repository\com\github\docker-java\docker-java-api\3.2.12\docker-java-api-3.2.12.jar;C:\Users\DELL\.m2\repository\org\apache\commons\commons-compress\1.21\commons-compress-1.21.jar;C:\Users\DELL\.m2\repository\org\bouncycastle\bcpkix-jdk15on\1.64\bcpkix-jdk15on-1.64.jar;C:\Users\DELL\.m2\repository\org\bouncycastle\bcprov-jdk15on\1.64\bcprov-jdk15on-1.64.jar;C:\Users\DELL\.m2\repository\org\slf4j\jcl-over-slf4j\1.7.30\jcl-over-slf4j-1.7.30.jar;C:\Users\DELL\.m2\repository\com\github\docker-java\docker-java-transport-httpclient5\3.2.12\docker-java-transport-httpclient5-3.2.12.jar;C:\Users\DELL\.m2\repository\com\github\docker-java\docker-java-transport\3.2.12\docker-java-transport-3.2.12.jar;C:\Users\DELL\.m2\repository\org\apache\httpcomponents\client5\httpclient5\5.0.3\httpclient5-5.0.3.jar;C:\Users\DELL\.m2\repository\org\apache\httpcomponents\core5\httpcore5\5.0.2\httpcore5-5.0.2.jar;C:\Users\DELL\.m2\repository\commons-codec\commons-codec\1.13\commons-codec-1.13.jar;C:\Users\DELL\.m2\repository\net\java\dev\jna\jna\5.8.0\jna-5.8.0.jar;C:\Users\DELL\.m2\repository\org\brotli\dec\0.1.2\dec-0.1.2.jar;"/>
    <property name="sun.cpu.endian" value="little"/>
    <property name="user.home" value="C:\Users\DELL"/>
    <property name="user.language" value="en"/>
    <property name="java.specification.vendor" value="Oracle Corporation"/>
    <property name="java.version.date" value="2021-07-20"/>
    <property name="java.home" value="C:\Users\DELL\.p2\pool\plugins\org.eclipse.justj.openjdk.hotspot.jre.full.win32.x86_64_16.0.2.v20210721-1149\jre"/>
    <property name="file.separator" value="\"/>
    <property name="basedir" value="E:\Capgemini\GitHUB\Sprint\Sprint2_cucumber2"/>
    <property name="java.vm.compressedOopsMode" value="32-bit"/>
    <property name="line.separator" value="&#10;"/>
    <property name="java.vm.specification.vendor" value="Oracle Corporation"/>
    <property name="java.specification.name" value="Java Platform API Specification"/>
    <property name="surefire.real.class.path" value="C:\Users\DELL\AppData\Local\Temp\surefire12516430783076570484\surefirebooter10381389886470362172.jar"/>
    <property name="user.script" value=""/>
    <property name="sun.management.compiler" value="HotSpot 64-Bit Tiered Compilers"/>
    <property name="java.runtime.version" value="16.0.2+7-67"/>
    <property name="user.name" value="DELL"/>
    <property name="path.separator" value=";"/>
    <property name="os.version" value="10.0"/>
    <property name="java.runtime.name" value="OpenJDK Runtime Environment"/>
    <property name="file.encoding" value="Cp1252"/>
    <property name="java.vm.name" value="OpenJDK 64-Bit Server VM"/>
    <property name="localRepository" value="C:\Users\DELL\.m2\repository"/>
    <property name="java.vendor.url.bug" value="https://bugreport.java.com/bugreport/"/>
    <property name="java.io.tmpdir" value="C:\Users\DELL\AppData\Local\Temp\"/>
    <property name="java.version" value="16.0.2"/>
    <property name="user.dir" value="E:\Capgemini\GitHUB\Sprint\Sprint2_cucumber2"/>
    <property name="os.arch" value="amd64"/>
    <property name="java.vm.specification.name" value="Java Virtual Machine Specification"/>
    <property name="sun.os.patch.level" value=""/>
    <property name="java.library.path" value="C:\Users\DELL\.p2\pool\plugins\org.eclipse.justj.openjdk.hotspot.jre.full.win32.x86_64_16.0.2.v20210721-1149\jre\bin;C:\Windows\Sun\Java\bin;C:\Windows\system32;C:\Windows;C:/Users/DELL/.p2/pool/plugins/org.eclipse.justj.openjdk.hotspot.jre.full.win32.x86_64_16.0.2.v20210721-1149/jre/bin/server;C:/Users/DELL/.p2/pool/plugins/org.eclipse.justj.openjdk.hotspot.jre.full.win32.x86_64_16.0.2.v20210721-1149/jre/bin;C:\Program Files (x86)\Common Files\Oracle\Java\javapath;C:\Program Files\Python39\Scripts\;C:\Program Files\Python39\;C:\Program Files (x86)\VMware\VMware Workstation\bin\;C:\Windows\system32;C:\Windows;C:\Windows\System32\Wbem;C:\Windows\System32\WindowsPowerShell\v1.0\;C:\Windows\System32\OpenSSH\;C:\Program Files (x86)\MySQL\MySQL Server 5.5\bin;C:\Users\DELL\AppData\Local\Temp\apache-maven-3.8.3\bin;C:\Program Files\MySQL\MySQL Shell 8.0\bin\;C:\Users\DELL\AppData\Local\Microsoft\WindowsApps;C:\Program Files (x86)\Nmap;C:\Users\DELL\AppData\Local\Programs\Microsoft VS Code\bin;C:\Users\DELL\Desktop;;."/>
    <property name="java.vm.info" value="mixed mode"/>
    <property name="java.vendor" value="Oracle Corporation"/>
    <property name="java.vm.version" value="16.0.2+7-67"/>
    <property name="sun.io.unicode.encoding" value="UnicodeLittle"/>
    <property name="java.class.version" value="60.0"/>
  </properties>
  <testcase name="runScenario[&quot;To validate the title of Bigbasket&quot;, &quot;Optional[BigBasket URL]&quot;](1)" classname="Runner.LoginRunner" time="6.98">
    <system-out><![CDATA[
Scenario: To validate the title of Bigbasket                                                                 &amp#27;[90m# src/test/java/feature/login.feature:4&amp#27;[0m
  &amp#27;[32mGiven &amp#27;[0m&amp#27;[32mUser is on the login page&amp#27;[0m                                                                            &amp#27;[90m# StepDef.LoginStepDef.user_is_on_the_login_page()&amp#27;[0m
  &amp#27;[32mThen &amp#27;[0m&amp#27;[32mthe title of the page should be "&amp#27;[0m&amp#27;[32m&amp#27;[1mOnline Grocery Shopping and Online Supermarket in India - bigbasket&amp#27;[0m&amp#27;[32m"&amp#27;[0m &amp#27;[90m# StepDef.LoginStepDef.the_title_of_the_page_should_be_something(java.lang.String)&amp#27;[0m
]]></system-out>
    <system-err><![CDATA[SLF4J: Failed to load class "org.slf4j.impl.StaticLoggerBinder".
SLF4J: Defaulting to no-operation (NOP) logger implementation
SLF4J: See http://www.slf4j.org/codes.html#StaticLoggerBinder for further details.
Starting ChromeDriver 94.0.4606.61 (418b78f5838ed0b1c69bb4e51ea0252171854915-refs/branch-heads/4606@{#1204}) on port 38699
Only local connections are allowed.
Please see https://chromedriver.chromium.org/security-considerations for suggestions on keeping ChromeDriver safe.
ChromeDriver was started successfully.
Oct 13, 2021 11:18:50 AM org.openqa.selenium.remote.ProtocolHandshake createSession
INFO: Detected dialect: W3C
]]></system-err>
  </testcase>
  <testcase name="runScenario[&quot;Test Popularity button is working&quot;, &quot;Optional[BigBasket Deals]&quot;](1)" classname="Runner.DealRunner" time="15.737">
    <system-out><![CDATA[
Scenario: Test Popularity button is working &amp#27;[90m# src/test/java/feature/Deals.feature:3&amp#27;[0m
  &amp#27;[32mGiven &amp#27;[0m&amp#27;[32mUser is in home page&amp#27;[0m                &amp#27;[90m# StepDef.DealsStepDef.user_is_in_home_page()&amp#27;[0m
  &amp#27;[32mWhen &amp#27;[0m&amp#27;[32mUser clicks on Deals button&amp#27;[0m          &amp#27;[90m# StepDef.DealsStepDef.user_clicks_on_deals_button()&amp#27;[0m
  &amp#27;[32mAnd &amp#27;[0m&amp#27;[32mUser clicks on Sort button&amp#27;[0m            &amp#27;[90m# StepDef.DealsStepDef.user_clicks_on_Sort_button()&amp#27;[0m
  &amp#27;[32mThen &amp#27;[0m&amp#27;[32mUser clicks on Popularity button&amp#27;[0m     &amp#27;[90m# StepDef.DealsStepDef.user_clicks_on_popularity_button()&amp#27;[0m
]]></system-out>
    <system-err><![CDATA[&amp#27;[32m&amp#27;[1m┌───────────────────────────────────────────────────────────────────────────────────┐&amp#27;[0m
&amp#27;[32m&amp#27;[1m│&amp#27;[0m Share your Cucumber Report with your team at &amp#27;[36m&amp#27;[1m&amp#27;[4mhttps://reports.cucumber.io&amp#27;[0m          &amp#27;[32m&amp#27;[1m│&amp#27;[0m
&amp#27;[32m&amp#27;[1m│&amp#27;[0m Activate publishing with one of the following:                                    &amp#27;[32m&amp#27;[1m│&amp#27;[0m
&amp#27;[32m&amp#27;[1m│&amp#27;[0m                                                                                   &amp#27;[32m&amp#27;[1m│&amp#27;[0m
&amp#27;[32m&amp#27;[1m│&amp#27;[0m src/test/resources/cucumber.properties:          &amp#27;[36mcucumber.publish.enabled&amp#27;[0m=&amp#27;[36mtrue&amp#27;[0m    &amp#27;[32m&amp#27;[1m│&amp#27;[0m
&amp#27;[32m&amp#27;[1m│&amp#27;[0m src/test/resources/junit-platform.properties:    &amp#27;[36mcucumber.publish.enabled&amp#27;[0m=&amp#27;[36mtrue&amp#27;[0m    &amp#27;[32m&amp#27;[1m│&amp#27;[0m
&amp#27;[32m&amp#27;[1m│&amp#27;[0m Environment variable:                            &amp#27;[36mCUCUMBER_PUBLISH_ENABLED&amp#27;[0m=&amp#27;[36mtrue&amp#27;[0m    &amp#27;[32m&amp#27;[1m│&amp#27;[0m
&amp#27;[32m&amp#27;[1m│&amp#27;[0m JUnit:                                           &amp#27;[36m@CucumberOptions&amp#27;[0m(publish = &amp#27;[36mtrue&amp#27;[0m) &amp#27;[32m&amp#27;[1m│&amp#27;[0m
&amp#27;[32m&amp#27;[1m│&amp#27;[0m                                                                                   &amp#27;[32m&amp#27;[1m│&amp#27;[0m
&amp#27;[32m&amp#27;[1m│&amp#27;[0m More information at &amp#27;[36mhttps://cucumber.io/docs/cucumber/environment-variables/&amp#27;[0m      &amp#27;[32m&amp#27;[1m│&amp#27;[0m
&amp#27;[32m&amp#27;[1m│&amp#27;[0m                                                                                   &amp#27;[32m&amp#27;[1m│&amp#27;[0m
&amp#27;[32m&amp#27;[1m│&amp#27;[0m Disable this message with one of the following:                                   &amp#27;[32m&amp#27;[1m│&amp#27;[0m
&amp#27;[32m&amp#27;[1m│&amp#27;[0m                                                                                   &amp#27;[32m&amp#27;[1m│&amp#27;[0m
&amp#27;[32m&amp#27;[1m│&amp#27;[0m src/test/resources/cucumber.properties:          &amp#27;[36mcucumber.publish.quiet&amp#27;[0m=&amp#27;[36mtrue&amp#27;[0m      &amp#27;[32m&amp#27;[1m│&amp#27;[0m
&amp#27;[32m&amp#27;[1m│&amp#27;[0m src/test/resources/junit-platform.properties:    &amp#27;[36mcucumber.publish.quiet&amp#27;[0m=&amp#27;[36mtrue&amp#27;[0m      &amp#27;[32m&amp#27;[1m│&amp#27;[0m
&amp#27;[32m&amp#27;[1m└───────────────────────────────────────────────────────────────────────────────────┘&amp#27;[0m
Starting ChromeDriver 94.0.4606.61 (418b78f5838ed0b1c69bb4e51ea0252171854915-refs/branch-heads/4606@{#1204}) on port 4752
Only local connections are allowed.
Please see https://chromedriver.chromium.org/security-considerations for suggestions on keeping ChromeDriver safe.
ChromeDriver was started successfully.
Oct 13, 2021 11:18:56 AM org.openqa.selenium.remote.ProtocolHandshake createSession
INFO: Detected dialect: W3C
]]></system-err>
  </testcase>
  <testcase name="runScenario[&quot;Test Price(low-high) button is working&quot;, &quot;Optional[BigBasket Deals]&quot;](2)" classname="Runner.DealRunner" time="14.758">
    <system-out><![CDATA[
Scenario: Test Price(low-high) button is working &amp#27;[90m# src/test/java/feature/Deals.feature:9&amp#27;[0m
  &amp#27;[32mGiven &amp#27;[0m&amp#27;[32mUser is in home page&amp#27;[0m                     &amp#27;[90m# StepDef.DealsStepDef.user_is_in_home_page()&amp#27;[0m
  &amp#27;[32mWhen &amp#27;[0m&amp#27;[32mUser clicks on Deals button&amp#27;[0m               &amp#27;[90m# StepDef.DealsStepDef.user_clicks_on_deals_button()&amp#27;[0m
  &amp#27;[32mAnd &amp#27;[0m&amp#27;[32mUser clicks on Sort button&amp#27;[0m                 &amp#27;[90m# StepDef.DealsStepDef.user_clicks_on_Sort_button()&amp#27;[0m
  &amp#27;[32mThen &amp#27;[0m&amp#27;[32mUser clicks on Price(low-high) button&amp#27;[0m     &amp#27;[90m# StepDef.DealsStepDef.user_clicks_on_price_low_high_button()&amp#27;[0m
]]></system-out>
    <system-err><![CDATA[Starting ChromeDriver 94.0.4606.61 (418b78f5838ed0b1c69bb4e51ea0252171854915-refs/branch-heads/4606@{#1204}) on port 8638
Only local connections are allowed.
Please see https://chromedriver.chromium.org/security-considerations for suggestions on keeping ChromeDriver safe.
ChromeDriver was started successfully.
Oct 13, 2021 11:19:11 AM org.openqa.selenium.remote.ProtocolHandshake createSession
INFO: Detected dialect: W3C
]]></system-err>
  </testcase>
  <testcase name="runScenario[&quot;Test Alphabetically button is working&quot;, &quot;Optional[BigBasket Deals]&quot;](3)" classname="Runner.DealRunner" time="17.269">
    <system-out><![CDATA[
Scenario: Test Alphabetically button is working &amp#27;[90m# src/test/java/feature/Deals.feature:15&amp#27;[0m
  &amp#27;[32mGiven &amp#27;[0m&amp#27;[32mUser is in home page&amp#27;[0m                    &amp#27;[90m# StepDef.DealsStepDef.user_is_in_home_page()&amp#27;[0m
  &amp#27;[32mWhen &amp#27;[0m&amp#27;[32mUser clicks on Deals button&amp#27;[0m              &amp#27;[90m# StepDef.DealsStepDef.user_clicks_on_deals_button()&amp#27;[0m
  &amp#27;[32mAnd &amp#27;[0m&amp#27;[32mUser clicks on Sort button&amp#27;[0m                &amp#27;[90m# StepDef.DealsStepDef.user_clicks_on_Sort_button()&amp#27;[0m
  &amp#27;[32mThen &amp#27;[0m&amp#27;[32mUser clicks on Alphabetically button&amp#27;[0m     &amp#27;[90m# StepDef.DealsStepDef.user_clicks_on_alphabetically_button()&amp#27;[0m
]]></system-out>
    <system-err><![CDATA[Starting ChromeDriver 94.0.4606.61 (418b78f5838ed0b1c69bb4e51ea0252171854915-refs/branch-heads/4606@{#1204}) on port 45055
Only local connections are allowed.
Please see https://chromedriver.chromium.org/security-considerations for suggestions on keeping ChromeDriver safe.
ChromeDriver was started successfully.
Oct 13, 2021 11:19:26 AM org.openqa.selenium.remote.ProtocolHandshake createSession
INFO: Detected dialect: W3C
]]></system-err>
  </testcase>
  <testcase name="runScenario[&quot;To check whether items in offer page is added to cart and quantity is change&quot;, &quot;Optional[BigBasket Offers]&quot;](1)" classname="Runner.OfferRunner" time="26.435">
    <system-out><![CDATA[
Scenario: To check whether items in offer page is added to cart and quantity is change &amp#27;[90m# src/test/java/feature/Offers.feature:3&amp#27;[0m
  &amp#27;[32mGiven &amp#27;[0m&amp#27;[32mUser is in Home Page&amp#27;[0m                                                           &amp#27;[90m# StepDef.OffersStepDef.user_is_in_home_page()&amp#27;[0m
  &amp#27;[32mWhen &amp#27;[0m&amp#27;[32mUser clicks on Offer button&amp#27;[0m                                                     &amp#27;[90m# StepDef.OffersStepDef.user_clicks_on_offer_button()&amp#27;[0m
  &amp#27;[32mAnd &amp#27;[0m&amp#27;[32mUser click on add to cart button&amp#27;[0m                                                 &amp#27;[90m# StepDef.OffersStepDef.user_click_on_add_to_cart_button()&amp#27;[0m
  &amp#27;[32mAnd &amp#27;[0m&amp#27;[32mUser clicks on cart/basket button&amp#27;[0m                                                &amp#27;[90m# StepDef.OffersStepDef.user_clicks_on_cart_basket_button()&amp#27;[0m
]]></system-out>
    <system-err><![CDATA[&amp#27;[32m&amp#27;[1m┌───────────────────────────────────────────────────────────────────────────────────┐&amp#27;[0m
&amp#27;[32m&amp#27;[1m│&amp#27;[0m Share your Cucumber Report with your team at &amp#27;[36m&amp#27;[1m&amp#27;[4mhttps://reports.cucumber.io&amp#27;[0m          &amp#27;[32m&amp#27;[1m│&amp#27;[0m
&amp#27;[32m&amp#27;[1m│&amp#27;[0m Activate publishing with one of the following:                                    &amp#27;[32m&amp#27;[1m│&amp#27;[0m
&amp#27;[32m&amp#27;[1m│&amp#27;[0m                                                                                   &amp#27;[32m&amp#27;[1m│&amp#27;[0m
&amp#27;[32m&amp#27;[1m│&amp#27;[0m src/test/resources/cucumber.properties:          &amp#27;[36mcucumber.publish.enabled&amp#27;[0m=&amp#27;[36mtrue&amp#27;[0m    &amp#27;[32m&amp#27;[1m│&amp#27;[0m
&amp#27;[32m&amp#27;[1m│&amp#27;[0m src/test/resources/junit-platform.properties:    &amp#27;[36mcucumber.publish.enabled&amp#27;[0m=&amp#27;[36mtrue&amp#27;[0m    &amp#27;[32m&amp#27;[1m│&amp#27;[0m
&amp#27;[32m&amp#27;[1m│&amp#27;[0m Environment variable:                            &amp#27;[36mCUCUMBER_PUBLISH_ENABLED&amp#27;[0m=&amp#27;[36mtrue&amp#27;[0m    &amp#27;[32m&amp#27;[1m│&amp#27;[0m
&amp#27;[32m&amp#27;[1m│&amp#27;[0m JUnit:                                           &amp#27;[36m@CucumberOptions&amp#27;[0m(publish = &amp#27;[36mtrue&amp#27;[0m) &amp#27;[32m&amp#27;[1m│&amp#27;[0m
&amp#27;[32m&amp#27;[1m│&amp#27;[0m                                                                                   &amp#27;[32m&amp#27;[1m│&amp#27;[0m
&amp#27;[32m&amp#27;[1m│&amp#27;[0m More information at &amp#27;[36mhttps://cucumber.io/docs/cucumber/environment-variables/&amp#27;[0m      &amp#27;[32m&amp#27;[1m│&amp#27;[0m
&amp#27;[32m&amp#27;[1m│&amp#27;[0m                                                                                   &amp#27;[32m&amp#27;[1m│&amp#27;[0m
&amp#27;[32m&amp#27;[1m│&amp#27;[0m Disable this message with one of the following:                                   &amp#27;[32m&amp#27;[1m│&amp#27;[0m
&amp#27;[32m&amp#27;[1m│&amp#27;[0m                                                                                   &amp#27;[32m&amp#27;[1m│&amp#27;[0m
&amp#27;[32m&amp#27;[1m│&amp#27;[0m src/test/resources/cucumber.properties:          &amp#27;[36mcucumber.publish.quiet&amp#27;[0m=&amp#27;[36mtrue&amp#27;[0m      &amp#27;[32m&amp#27;[1m│&amp#27;[0m
&amp#27;[32m&amp#27;[1m│&amp#27;[0m src/test/resources/junit-platform.properties:    &amp#27;[36mcucumber.publish.quiet&amp#27;[0m=&amp#27;[36mtrue&amp#27;[0m      &amp#27;[32m&amp#27;[1m│&amp#27;[0m
&amp#27;[32m&amp#27;[1m└───────────────────────────────────────────────────────────────────────────────────┘&amp#27;[0m
Starting ChromeDriver 94.0.4606.61 (418b78f5838ed0b1c69bb4e51ea0252171854915-refs/branch-heads/4606@{#1204}) on port 32845
Only local connections are allowed.
Please see https://chromedriver.chromium.org/security-considerations for suggestions on keeping ChromeDriver safe.
ChromeDriver was started successfully.
Oct 13, 2021 11:19:43 AM org.openqa.selenium.remote.ProtocolHandshake createSession
INFO: Detected dialect: W3C
]]></system-err>
  </testcase>
</testsuite>